<?xml version="1.0" encoding="UTF-8"?>
<!-- Generated by org.testng.reporters.JUnitReportReporter -->
<testsuite hostname="DESKTOP-OF716LA" failures="0" tests="1" name="com.jon.kim.practice1" time="25.633" errors="0" timestamp="2023-08-27T14:10:15 EDT" skipped="0">
  <testcase classname="com.jon.kim.practice1" name="boy" time="25.633"/>
</testsuite> <!-- com.jon.kim.practice1 -->
