<?xml version="1.0" encoding="UTF-8"?>
<!-- Generated by org.testng.reporters.JUnitReportReporter -->
<testsuite hostname="DESKTOP-OF716LA" failures="0" tests="1" name="com.jon.kim.girl" time="39.438" errors="0" timestamp="2023-08-28T21:39:49 EDT" skipped="0">
  <testcase classname="com.jon.kim.girl" name="practice" time="39.438"/>
</testsuite> <!-- com.jon.kim.girl -->
